c:\proyectos\graphicsengineopengl\x64\debug\vc143.pdb
c:\proyectos\graphicsengineopengl\x64\debug\vc143.idb
c:\proyectos\graphicsengineopengl\x64\debug\primitiveobjects.obj
c:\proyectos\graphicsengineopengl\x64\debug\main.obj
c:\proyectos\graphicsengineopengl\x64\debug\windowswindow.obj
c:\proyectos\graphicsengineopengl\x64\debug\renderfactory.obj
c:\proyectos\graphicsengineopengl\x64\debug\openglimgui.obj
c:\proyectos\graphicsengineopengl\x64\debug\openglcontext.obj
c:\proyectos\graphicsengineopengl\x64\debug\kernel.obj
c:\proyectos\graphicsengineopengl\x64\debug\object3d.obj
c:\proyectos\graphicsengineopengl\x64\debug\object.obj
c:\proyectos\graphicsengineopengl\x64\debug\entity.obj
c:\proyectos\graphicsengineopengl\x64\debug\camera.obj
c:\proyectos\graphicsengineopengl\x64\debug\glfwinputmanager.obj
c:\proyectos\graphicsengineopengl\x64\debug\vbo.obj
c:\proyectos\graphicsengineopengl\x64\debug\vao.obj
c:\proyectos\graphicsengineopengl\x64\debug\mesh3d.obj
c:\proyectos\graphicsengineopengl\x64\debug\glslshader.obj
c:\proyectos\graphicsengineopengl\x64\debug\glslmaterial.obj
c:\proyectos\graphicsengineopengl\x64\debug\ebo.obj
c:\proyectos\graphicsengineopengl\x64\debug\stb_image.obj
c:\proyectos\graphicsengineopengl\x64\debug\gltexture.obj
c:\proyectos\graphicsengineopengl\x64\debug\imgui_widgets.obj
c:\proyectos\graphicsengineopengl\x64\debug\imgui_tables.obj
c:\proyectos\graphicsengineopengl\x64\debug\imgui_impl_opengl3.obj
c:\proyectos\graphicsengineopengl\x64\debug\imgui_impl_glfw.obj
c:\proyectos\graphicsengineopengl\x64\debug\imgui_draw.obj
c:\proyectos\graphicsengineopengl\x64\debug\imgui_demo.obj
c:\proyectos\graphicsengineopengl\x64\debug\imgui.obj
c:\proyectos\graphicsengineopengl\x64\debug\openglcontext.h.ifc
c:\proyectos\graphicsengineopengl\x64\debug\openglcontext.h.ifc.d.json
c:\proyectos\graphicsengineopengl\x64\debug\openglcontext.h.obj
c:\proyectos\graphicsengineopengl\x64\debug\openglcontext.h.module.json
c:\proyectos\graphicsengineopengl\x64\debug\graphicsengineopengl.pdb
c:\proyectos\graphicsengineopengl\x64\debug\graphics.dffd97a1.tlog\cl.command.1.tlog
c:\proyectos\graphicsengineopengl\x64\debug\graphics.dffd97a1.tlog\cl.read.1.tlog
c:\proyectos\graphicsengineopengl\x64\debug\graphics.dffd97a1.tlog\cl.write.1.tlog
c:\proyectos\graphicsengineopengl\x64\debug\graphics.dffd97a1.tlog\link-cvtres.read.1.tlog
c:\proyectos\graphicsengineopengl\x64\debug\graphics.dffd97a1.tlog\link-cvtres.write.1.tlog
c:\proyectos\graphicsengineopengl\x64\debug\graphics.dffd97a1.tlog\link-rc.read.1.tlog
c:\proyectos\graphicsengineopengl\x64\debug\graphics.dffd97a1.tlog\link-rc.write.1.tlog
c:\proyectos\graphicsengineopengl\x64\debug\graphics.dffd97a1.tlog\link.18984-cvtres.read.1.tlog
c:\proyectos\graphicsengineopengl\x64\debug\graphics.dffd97a1.tlog\link.18984-cvtres.write.1.tlog
c:\proyectos\graphicsengineopengl\x64\debug\graphics.dffd97a1.tlog\link.18984-rc.read.1.tlog
c:\proyectos\graphicsengineopengl\x64\debug\graphics.dffd97a1.tlog\link.18984-rc.write.1.tlog
c:\proyectos\graphicsengineopengl\x64\debug\graphics.dffd97a1.tlog\link.18984.read.1.tlog
c:\proyectos\graphicsengineopengl\x64\debug\graphics.dffd97a1.tlog\link.18984.read.2.tlog
c:\proyectos\graphicsengineopengl\x64\debug\graphics.dffd97a1.tlog\link.18984.write.1.tlog
c:\proyectos\graphicsengineopengl\x64\debug\graphics.dffd97a1.tlog\link.command.1.tlog
c:\proyectos\graphicsengineopengl\x64\debug\graphics.dffd97a1.tlog\link.read.1.tlog
c:\proyectos\graphicsengineopengl\x64\debug\graphics.dffd97a1.tlog\link.read.2.tlog
c:\proyectos\graphicsengineopengl\x64\debug\graphics.dffd97a1.tlog\link.write.1.tlog
c:\proyectos\graphicsengineopengl\x64\debug\graphics.dffd97a1_md.tlog\cl.command.1.tlog
c:\proyectos\graphicsengineopengl\x64\debug\graphics.dffd97a1_md.tlog\microsoft.build.cpptasks.cl.read.1.tlog
c:\proyectos\graphicsengineopengl\x64\debug\graphics.dffd97a1_md.tlog\microsoft.build.cpptasks.cl.write.1.tlog
