  Scanning sources for module dependencies...
  OpenGLContext.h
  Compiling...
  OpenGLContext.h
  OpenGLImGUI.cpp
C:\Program Files (x86)\Windows Kits\10\Include\10.0.19041.0\shared\minwindef.h(130,1): warning C4005: 'APIENTRY': macro redefinition
C:\Proyectos\GraphicsEngineOpenGL\libs\glfw\inc\GLFW\glfw3.h(123): message : see previous definition of 'APIENTRY'
C:\Program Files (x86)\Windows Kits\10\Include\10.0.19041.0\um\winbase.h(9531,5): warning C5105: macro expansion producing 'defined' has undefined behavior
C:\Proyectos\GraphicsEngineOpenGL\src\engine\opengl\OpenGLImGUI.cpp(43,99): warning C4244: 'argument': conversion from 'unsigned int' to 'float', possible loss of data
C:\Proyectos\GraphicsEngineOpenGL\src\engine\opengl\OpenGLImGUI.cpp(43,64): warning C4244: 'argument': conversion from 'unsigned int' to 'float', possible loss of data
  imgui.cpp
C:\Program Files (x86)\Windows Kits\10\Include\10.0.19041.0\um\winbase.h(9531,5): warning C5105: macro expansion producing 'defined' has undefined behavior
  imgui_demo.cpp
  imgui_draw.cpp
  imgui_impl_glfw.cpp
C:\Program Files (x86)\Windows Kits\10\Include\10.0.19041.0\um\winbase.h(9531,5): warning C5105: macro expansion producing 'defined' has undefined behavior
  imgui_impl_opengl3.cpp
C:\Program Files (x86)\Windows Kits\10\Include\10.0.19041.0\um\winbase.h(9531,5): warning C5105: macro expansion producing 'defined' has undefined behavior
  imgui_tables.cpp
  imgui_widgets.cpp
  PrimitiveObjects.cpp
C:\Proyectos\GraphicsEngineOpenGL\src\engine\render\RenderFactory.h(30,3): warning C4091: 'static ': ignored on left of 'engine::RenderFactory' when no variable is declared
  GLTexture.cpp
  stb_image.cpp
  Camera.cpp
C:\Proyectos\GraphicsEngineOpenGL\src\scene\Camera.cpp(35,18): warning C4244: '=': conversion from 'int' to 'float', possible loss of data
C:\Proyectos\GraphicsEngineOpenGL\src\scene\Camera.cpp(36,20): warning C4244: '=': conversion from 'int' to 'float', possible loss of data
C:\Proyectos\GraphicsEngineOpenGL\src\scene\Camera.cpp(55,17): warning C4244: '=': conversion from 'int' to 'float', possible loss of data
C:\Proyectos\GraphicsEngineOpenGL\src\scene\Camera.cpp(56,19): warning C4244: '=': conversion from 'int' to 'float', possible loss of data
  Kernel.cpp
C:\Proyectos\GraphicsEngineOpenGL\src\engine\render\RenderFactory.h(30,3): warning C4091: 'static ': ignored on left of 'engine::RenderFactory' when no variable is declared
  OpenGLContext.cpp
C:\Proyectos\GraphicsEngineOpenGL\src\engine\opengl\OpenGLContext.cpp(209,29): warning C4267: 'argument': conversion from 'size_t' to 'GLsizei', possible loss of data
  EBO.cpp
  GLSLMaterial.cpp
  GLSLShader.cpp
C:\Proyectos\GraphicsEngineOpenGL\src\engine\opengl\GLSLShader.cpp(19,40): warning C4101: 'e': unreferenced local variable
C:\Proyectos\GraphicsEngineOpenGL\src\engine\opengl\GLSLShader.cpp(35,40): warning C4101: 'e': unreferenced local variable
  Mesh3D.cpp
  RenderFactory.cpp
C:\Proyectos\GraphicsEngineOpenGL\src\engine\render\RenderFactory.h(30,3): warning C4091: 'static ': ignored on left of 'engine::RenderFactory' when no variable is declared
  VAO.cpp
C:\Proyectos\GraphicsEngineOpenGL\src\engine\render\VAO.cpp(32,63): warning C4244: 'argument': conversion from 'GLsizeiptr' to 'GLsizei', possible loss of data
  Generating Code...
  Compiling...
  VBO.cpp
  GLFWInputManager.cpp
  main.cpp
C:\Proyectos\GraphicsEngineOpenGL\src\engine\render\RenderFactory.h(30,3): warning C4091: 'static ': ignored on left of 'engine::RenderFactory' when no variable is declared
C:\Proyectos\GraphicsEngineOpenGL\src\main.cpp(11,2): warning C5103: pasting '::' and 'OPENGL4' does not result in a valid preprocessing token
C:\Proyectos\GraphicsEngineOpenGL\src\engine\render\RenderFactory.h(7): message : in expansion of macro 'SELECT_RENDERER'
  WindowsWindow.cpp
C:\Proyectos\GraphicsEngineOpenGL\src\engine\render\RenderFactory.h(30,3): warning C4091: 'static ': ignored on left of 'engine::RenderFactory' when no variable is declared
C:\Proyectos\GraphicsEngineOpenGL\src\engine\windows\WindowsWindow.cpp(104,36): warning C4244: '=': conversion from 'double' to 'int', possible loss of data
C:\Proyectos\GraphicsEngineOpenGL\src\engine\windows\WindowsWindow.cpp(105,36): warning C4244: '=': conversion from 'double' to 'int', possible loss of data
  Entity.cpp
  Object.cpp
  Object3D.cpp
  Generating Code...
  GraphicsEngineOpenGL.vcxproj -> C:\Proyectos\GraphicsEngineOpenGL\x64\Debug\GraphicsEngineOpenGL.exe
